0 info it worked if it ends with ok
1 verbose cli [ 'C:\\Program Files\\nodejs\\node.exe',
1 verbose cli   'C:\\Program Files\\nodejs\\node_modules\\npm\\bin\\npm-cli.js',
1 verbose cli   'run',
1 verbose cli   'prod-run' ]
2 info using npm@3.10.10
3 info using node@v6.11.1
4 verbose run-script [ 'preprod-run', 'prod-run', 'postprod-run' ]
5 info lifecycle epc-admin@1.0.0~preprod-run: epc-admin@1.0.0
6 silly lifecycle epc-admin@1.0.0~preprod-run: no script for preprod-run, continuing
7 info lifecycle epc-admin@1.0.0~prod-run: epc-admin@1.0.0
8 verbose lifecycle epc-admin@1.0.0~prod-run: unsafe-perm in lifecycle true
9 verbose lifecycle epc-admin@1.0.0~prod-run: PATH: C:\Program Files\nodejs\node_modules\npm\bin\node-gyp-bin;C:\work\Javascript\epc\node_modules\.bin;C:\ProgramData\Oracle\Java\javapath;C:\Program Files (x86)\Intel\iCLS Client\;C:\Program Files\Intel\iCLS Client\;C:\WINDOWS\system32;C:\WINDOWS;C:\WINDOWS\System32\Wbem;C:\WINDOWS\System32\WindowsPowerShell\v1.0\;C:\Program Files\Intel\Intel(R) Management Engine Components\DAL;C:\Program Files\Intel\Intel(R) Management Engine Components\IPT;C:\Program Files (x86)\Intel\Intel(R) Management Engine Components\DAL;C:\Program Files (x86)\Intel\Intel(R) Management Engine Components\IPT;C:\Program Files\Microsoft\Web Platform Installer\;C:\Program Files (x86)\Microsoft ASP.NET\ASP.NET Web Pages\v1.0\;C:\Program Files\Microsoft SQL Server\110\Tools\Binn\;C:\Program Files\TortoiseSVN\bin;C:\Program Files\Amazon\AWSCLI\;C:\Program Files (x86)\gettext\bin;C:\ProgramData\ComposerSetup\bin;C:\Program Files\SlikSvn\bin;C:\Program Files (x86)\QuickTime\QTSystem\;C:\wamp2_5\bin\php\php7.1.1;C:\Program Files (x86)\Skype\Phone\;C:\Program Files\nodejs;C:\Program Files\Microsoft SQL Server\130\Tools\Binn\;C:\Program Files\dotnet\;C:\Program Files (x86)\GtkSharp\2.12\bin;C:\Program Files (x86)\NVIDIA Corporation\PhysX\Common;C:\Program Files\nodejs\;C:\Program Files\Git\cmd;C:\Ruby200-x64\bin;C:\wamp\bin\php\php5.5.12;c:\program files\composer;C:\Program Files (x86)\ec2-api-tools-1.7.3.2\bin;C:\Program Files (x86)\HMA! Pro VPN\bin;C:\Program Files (x86)\gettext\bin;C:\Users\Duncan\AppData\Roaming\Composer\vendor\bin;C:\Users\Duncan\AppData\Local\Microsoft\WindowsApps;C:\Temp\ChromeDriver;C:\Program Files\ffmpeg-3.2.2-win64-static\bin;C:\wamp2_5\bin\php\php7.1.1;C:\Users\Duncan\AppData\Local\atom\bin;C:\Users\Duncan\AppData\Roaming\npm
10 verbose lifecycle epc-admin@1.0.0~prod-run: CWD: C:\work\Javascript\epc
11 silly lifecycle epc-admin@1.0.0~prod-run: Args: [ '/d /s /c', 'babel-node tools/prodServer.js' ]
12 verbose stack Error: kill ENOSYS
12 verbose stack     at exports._errnoException (util.js:1018:11)
12 verbose stack     at process.kill (internal/process.js:190:13)
12 verbose stack     at process.listener (C:\Program Files\nodejs\node_modules\npm\node_modules\npmlog\node_modules\gauge\node_modules\signal-exit\index.js:86:15)
12 verbose stack     at emitNone (events.js:91:20)
12 verbose stack     at process.emit (events.js:185:7)
12 verbose stack     at processEmit (C:\Program Files\nodejs\node_modules\npm\node_modules\npmlog\node_modules\gauge\node_modules\signal-exit\index.js:146:32)
12 verbose stack     at processEmit (C:\Program Files\nodejs\node_modules\npm\node_modules\npm-registry-client\node_modules\npmlog\node_modules\gauge\node_modules\signal-exit\index.js:146:32)
12 verbose stack     at Signal.wrap.onsignal (internal/process.js:217:44)
13 verbose cwd C:\work\Javascript\epc
14 error Windows_NT 10.0.15063
15 error argv "C:\\Program Files\\nodejs\\node.exe" "C:\\Program Files\\nodejs\\node_modules\\npm\\bin\\npm-cli.js" "run" "prod-run"
16 error node v6.11.1
17 error npm  v3.10.10
18 error code ENOSYS
19 error errno ENOSYS
20 error syscall kill
21 error kill ENOSYS
22 error If you need help, you may report this error at:
22 error     <https://github.com/npm/npm/issues>
23 verbose exit [ 1, true ]
